Initialized native services in: C:\Users\MASTER-T\.gradle\native
Initialized jansi services in: C:\Users\MASTER-T\.gradle\native
The client will now receive all logging from the daemon (pid: 18176). The daemon log file: C:\Users\MASTER-T\.gradle\daemon\9.3.1\daemon-18176.out.log
Starting 89th build in daemon [uptime: 2 hrs 29 mins 16.899 secs, performance: 97%, GC rate: 0.00/s, heap usage: 27% of 2 GiB]
Using 8 worker leases.
Operational build model parameters: {requiresToolingModels=false, parallelProjectExecution=false, configureOnDemand=false, configurationCache=false, configurationCacheParallelStore=false, configurationCacheParallelLoad=true, isolatedProjects=false, parallelProjectConfiguration=false, intermediateModelCache=false, parallelToolingApiActions=false, invalidateCoupledProjects=false, modelAsProjectDependency=false, resilientModelBuilding=false}
Now considering [C:\Users\MASTER-T\AndroidStudioProjects\JanManager] as hierarchies to watch
Watching the file system is configured to be enabled if available
File system watching is active
Starting Build
Resolved plugin [id: 'org.gradle.toolchains.foojay-resolver-convention', version: '1.0.0']
Settings evaluated using settings file 'C:\Users\MASTER-T\AndroidStudioProjects\JanManager\settings.gradle.kts'.
Projects loaded. Root project using build file 'C:\Users\MASTER-T\AndroidStudioProjects\JanManager\build.gradle.kts'.
Included projects: [root project 'JanManager', project ':app']

> Configure project :
Evaluating root project 'JanManager' using build file 'C:\Users\MASTER-T\AndroidStudioProjects\JanManager\build.gradle.kts'.
Resolved plugin [id: 'com.android.application', version: '9.1.0', apply: false]
Resolved plugin [id: 'org.jetbrains.kotlin.plugin.compose', version: '2.2.0', apply: false]
Resolved plugin [id: 'org.jetbrains.kotlin.plugin.serialization', version: '2.2.0', apply: false]
Resolved plugin [id: 'com.google.devtools.ksp', version: '2.2.0-2.0.2', apply: false]
Resolved plugin [id: 'com.google.dagger.hilt.android', version: '2.59.2', apply: false]
Resolved plugin [id: 'androidx.room', version: '2.8.4', apply: false]

> Configure project :app
Evaluating project ':app' using build file 'C:\Users\MASTER-T\AndroidStudioProjects\JanManager\app\build.gradle.kts'.
Resolved plugin [id: 'com.android.application', version: '9.1.0']
Resolved plugin [id: 'org.jetbrains.kotlin.plugin.compose', version: '2.2.0']
Resolved plugin [id: 'org.jetbrains.kotlin.plugin.serialization', version: '2.2.0']
Resolved plugin [id: 'com.google.devtools.ksp', version: '2.2.0-2.0.2']
Resolved plugin [id: 'com.google.dagger.hilt.android', version: '2.59.2']
Resolved plugin [id: 'androidx.room', version: '2.8.4']
WARNING: The option setting 'android.disallowKotlinSourceSets=false' is experimental.
The current default is 'true'.
Build 9befa092-efd7-446f-b635-6d62f48aca84 is started
Using default execution profile
Detected Android Gradle Plugin compose compiler configuration
Detected Android Gradle Plugin compose compiler configuration
Detected Android Gradle Plugin compose compiler configuration
Detected Android Gradle Plugin compose compiler configuration
All projects evaluated.
Adding -Xuse-inline-scopes-numbers Kotlin compiler flag for task :app:compileDebugKotlin
Task name matched 'compileDebugKotlin'
Selected primary task 'compileDebugKotlin' from project :
Tasks to be executed: [task ':app:preBuild', task ':app:preDebugBuild', task ':app:generateDebugResources', task ':app:packageDebugResources', task ':app:processDebugNavigationResources', task ':app:parseDebugLocalResources', task ':app:generateDebugRFile', task ':app:kspDebugKotlin', task ':app:copyRoomSchemas', task ':app:compileDebugKotlin']
Tasks that were excluded: []
Resolve mutations for :app:preBuild (Thread[#5954,Execution worker,5,main]) started.
:app:preBuild (Thread[#5954,Execution worker,5,main]) started.

> Task :app:preBuild UP-TO-DATE
Skipping task ':app:preBuild' as it has no actions.
Resolve mutations for :app:preDebugBuild (Thread[#5954,Execution worker,5,main]) started.
:app:preDebugBuild (Thread[#5954,Execution worker,5,main]) started.

> Task :app:preDebugBuild UP-TO-DATE
Skipping task ':app:preDebugBuild' as it has no actions.
Resolve mutations for :app:generateDebugResources (Thread[#5954,Execution worker,5,main]) started.
:app:generateDebugResources (Thread[#5954,Execution worker,5,main]) started.

> Task :app:generateDebugResources UP-TO-DATE
Caching disabled for task ':app:generateDebugResources' because:
  Build cache is disabled
Skipping task ':app:generateDebugResources' as it is up-to-date.
Resolve mutations for :app:packageDebugResources (Thread[#5954,Execution worker,5,main]) started.
:app:packageDebugResources (Thread[#5954,Execution worker,5,main]) started.

> Task :app:packageDebugResources UP-TO-DATE
Caching disabled for task ':app:packageDebugResources' because:
  Build cache is disabled
Skipping task ':app:packageDebugResources' as it is up-to-date.
Resolve mutations for :app:processDebugNavigationResources (Thread[#5954,Execution worker,5,main]) started.
:app:processDebugNavigationResources (Thread[#5954,Execution worker,5,main]) started.

> Task :app:processDebugNavigationResources UP-TO-DATE
Caching disabled for task ':app:processDebugNavigationResources' because:
  Build cache is disabled
Skipping task ':app:processDebugNavigationResources' as it is up-to-date.
Resolve mutations for :app:parseDebugLocalResources (Thread[#5956,Execution worker Thread 3,5,main]) started.
:app:parseDebugLocalResources (Thread[#5954,Execution worker,5,main]) started.

> Task :app:parseDebugLocalResources UP-TO-DATE
Caching disabled for task ':app:parseDebugLocalResources' because:
  Build cache is disabled
Skipping task ':app:parseDebugLocalResources' as it is up-to-date.
Resolve mutations for :app:generateDebugRFile (Thread[#5954,Execution worker,5,main]) started.
:app:generateDebugRFile (Thread[#5954,Execution worker,5,main]) started.

> Task :app:generateDebugRFile UP-TO-DATE
Caching disabled for task ':app:generateDebugRFile' because:
  Build cache is disabled
Skipping task ':app:generateDebugRFile' as it is up-to-date.
Resolve mutations for :app:kspDebugKotlin (Thread[#5954,Execution worker,5,main]) started.
:app:kspDebugKotlin (Thread[#5954,Execution worker,5,main]) started.

> Task :app:kspDebugKotlin
Caching disabled for task ':app:kspDebugKotlin' because:
  Build cache is disabled
Task ':app:kspDebugKotlin' is not up-to-date because:
  Value of input property 'kspConfig.logLevel' has changed for task ':app:kspDebugKotlin'
The input changes require a full rebuild for incremental task ':app:kspDebugKotlin'.
file or directory 'C:\Users\MASTER-T\AndroidStudioProjects\JanManager\app\src\main\kotlin', not found
file or directory 'C:\Users\MASTER-T\AndroidStudioProjects\JanManager\app\src\debug\java', not found
file or directory 'C:\Users\MASTER-T\AndroidStudioProjects\JanManager\app\src\debug\kotlin', not found
file or directory 'C:\Users\MASTER-T\AndroidStudioProjects\JanManager\app\src\main\kotlin', not found
file or directory 'C:\Users\MASTER-T\AndroidStudioProjects\JanManager\app\src\debug\java', not found
file or directory 'C:\Users\MASTER-T\AndroidStudioProjects\JanManager\app\src\debug\kotlin', not found
i: [ksp] loaded provider(s): [androidx.room.RoomKspProcessor$Provider, dagger.hilt.processor.internal.uninstallmodules.KspUninstallModulesProcessor$Provider, dagger.hilt.android.processor.internal.viewmodel.KspViewModelProcessor$Provider, dagger.hilt.processor.internal.earlyentrypoint.KspEarlyEntryPointProcessor$Provider, dagger.hilt.android.processor.internal.androidentrypoint.KspAndroidEntryPointProcessor$Provider, dagger.hilt.processor.internal.definecomponent.KspDefineComponentProcessor$Provider, dagger.hilt.processor.internal.originatingelement.KspOriginatingElementProcessor$Provider, dagger.hilt.android.processor.internal.bindvalue.KspBindValueProcessor$Provider, dagger.hilt.processor.internal.root.KspComponentTreeDepsProcessor$Provider, dagger.hilt.processor.internal.root.KspRootProcessor$Provider, dagger.hilt.processor.internal.aliasof.KspAliasOfProcessor$Provider, dagger.hilt.processor.internal.aggregateddeps.KspAggregatedDepsProcessor$Provider, dagger.hilt.processor.internal.generatesrootinput.KspGeneratesRootInputProcessor$Provider, dagger.hilt.android.processor.internal.customtestapplication.KspCustomTestApplicationProcessor$Provider, dagger.internal.codegen.KspComponentProcessor$Provider]
Resolve mutations for :app:copyRoomSchemas (Thread[#5953,included builds,5,main]) started.
:app:copyRoomSchemas (Thread[#5953,included builds,5,main]) started.

> Task :app:copyRoomSchemas NO-SOURCE
Skipping task ':app:copyRoomSchemas' as it has no source files and no previous output files.
Resolve mutations for :app:compileDebugKotlin (Thread[#5953,included builds,5,main]) started.
:app:compileDebugKotlin (Thread[#5953,included builds,5,main]) started.

> Task :app:compileDebugKotlin UP-TO-DATE
file or directory 'C:\Users\MASTER-T\AndroidStudioProjects\JanManager\app\src\main\kotlin', not found
file or directory 'C:\Users\MASTER-T\AndroidStudioProjects\JanManager\app\src\debug\java', not found
file or directory 'C:\Users\MASTER-T\AndroidStudioProjects\JanManager\app\src\debug\kotlin', not found
file or directory 'C:\Users\MASTER-T\AndroidStudioProjects\JanManager\app\src\debug\java', not found
file or directory 'C:\Users\MASTER-T\AndroidStudioProjects\JanManager\app\src\main\kotlin', not found
file or directory 'C:\Users\MASTER-T\AndroidStudioProjects\JanManager\app\src\debug\java', not found
file or directory 'C:\Users\MASTER-T\AndroidStudioProjects\JanManager\app\src\debug\kotlin', not found
file or directory 'C:\Users\MASTER-T\AndroidStudioProjects\JanManager\app\src\debug\java', not found
file or directory 'C:\Users\MASTER-T\AndroidStudioProjects\JanManager\app\src\main\kotlin', not found
file or directory 'C:\Users\MASTER-T\AndroidStudioProjects\JanManager\app\src\debug\java', not found
file or directory 'C:\Users\MASTER-T\AndroidStudioProjects\JanManager\app\src\debug\kotlin', not found
file or directory 'C:\Users\MASTER-T\AndroidStudioProjects\JanManager\app\src\debug\java', not found
Custom actions are attached to task ':app:compileDebugKotlin'.
Caching disabled for task ':app:compileDebugKotlin' because:
  Build cache is disabled
Skipping task ':app:compileDebugKotlin' as it is up-to-date.
Build 9befa092-efd7-446f-b635-6d62f48aca84 is closed

BUILD SUCCESSFUL in 22s
7 actionable tasks: 1 executed, 6 up-to-date
Watched directory hierarchies: [C:\Users\MASTER-T\AndroidStudioProjects\JanManager]
Consider enabling configuration cache to speed up this build: https://docs.gradle.org/9.3.1/userguide/configuration_cache_enabling.html
