Initialized native services in: C:\Users\MASTER-T\.gradle\native
Initialized jansi services in: C:\Users\MASTER-T\.gradle\native
The client will now receive all logging from the daemon (pid: 19224). The daemon log file: C:\Users\MASTER-T\.gradle\daemon\9.3.1\daemon-19224.out.log
Starting 20th build in daemon [uptime: 39 mins 49.219 secs, performance: 99%, GC rate: 0.00/s, heap usage: 0% of 2 GiB]
Using 8 worker leases.
Operational build model parameters: {requiresToolingModels=false, parallelProjectExecution=false, configureOnDemand=false, configurationCache=false, configurationCacheParallelStore=false, configurationCacheParallelLoad=true, isolatedProjects=false, parallelProjectConfiguration=false, intermediateModelCache=false, parallelToolingApiActions=false, invalidateCoupledProjects=false, modelAsProjectDependency=false, resilientModelBuilding=false}
Now considering [C:\Users\MASTER-T\AndroidStudioProjects\JanManager] as hierarchies to watch
Watching the file system is configured to be enabled if available
File system watching is active
Starting Build
Resolved plugin [id: 'org.gradle.toolchains.foojay-resolver-convention', version: '1.0.0']
Settings evaluated using settings file 'C:\Users\MASTER-T\AndroidStudioProjects\JanManager\settings.gradle.kts'.
Projects loaded. Root project using build file 'C:\Users\MASTER-T\AndroidStudioProjects\JanManager\build.gradle.kts'.
Included projects: [root project 'JanManager', project ':app']

> Configure project :
Evaluating root project 'JanManager' using build file 'C:\Users\MASTER-T\AndroidStudioProjects\JanManager\build.gradle.kts'.
Resolved plugin [id: 'com.android.application', version: '9.1.0', apply: false]
Resolved plugin [id: 'org.jetbrains.kotlin.plugin.compose', version: '2.2.0', apply: false]
Resolved plugin [id: 'org.jetbrains.kotlin.plugin.serialization', version: '2.2.0', apply: false]
Resolved plugin [id: 'com.google.devtools.ksp', version: '2.2.0-2.0.2', apply: false]
Resolved plugin [id: 'com.google.dagger.hilt.android', version: '2.59.2', apply: false]
Resolved plugin [id: 'androidx.room', version: '2.8.4', apply: false]

> Configure project :app
Evaluating project ':app' using build file 'C:\Users\MASTER-T\AndroidStudioProjects\JanManager\app\build.gradle.kts'.
Resolved plugin [id: 'com.android.application', version: '9.1.0']
Resolved plugin [id: 'org.jetbrains.kotlin.plugin.compose', version: '2.2.0']
Resolved plugin [id: 'org.jetbrains.kotlin.plugin.serialization', version: '2.2.0']
Resolved plugin [id: 'com.google.devtools.ksp', version: '2.2.0-2.0.2']
Resolved plugin [id: 'com.google.dagger.hilt.android', version: '2.59.2']
Resolved plugin [id: 'androidx.room', version: '2.8.4']
WARNING: The option setting 'android.disallowKotlinSourceSets=false' is experimental.
The current default is 'true'.
Build 26a3db97-0e72-4bcb-8d65-e03114ede675 is started
Using default execution profile
Detected Android Gradle Plugin compose compiler configuration
Detected Android Gradle Plugin compose compiler configuration
Detected Android Gradle Plugin compose compiler configuration
Detected Android Gradle Plugin compose compiler configuration
All projects evaluated.
Adding -Xuse-inline-scopes-numbers Kotlin compiler flag for task :app:compileDebugKotlin
Task name matched 'compileDebugKotlin'
Selected primary task 'compileDebugKotlin' from project :
Tasks to be executed: [task ':app:preBuild', task ':app:preDebugBuild', task ':app:generateDebugResources', task ':app:packageDebugResources', task ':app:processDebugNavigationResources', task ':app:parseDebugLocalResources', task ':app:generateDebugRFile', task ':app:kspDebugKotlin', task ':app:copyRoomSchemas', task ':app:compileDebugKotlin']
Tasks that were excluded: []
Resolve mutations for :app:preBuild (Thread[#1209,Execution worker,5,main]) started.
:app:preBuild (Thread[#1209,Execution worker,5,main]) started.

> Task :app:preBuild UP-TO-DATE
Skipping task ':app:preBuild' as it has no actions.
Resolve mutations for :app:preDebugBuild (Thread[#1209,Execution worker,5,main]) started.
:app:preDebugBuild (Thread[#1209,Execution worker,5,main]) started.

> Task :app:preDebugBuild UP-TO-DATE
Skipping task ':app:preDebugBuild' as it has no actions.
Resolve mutations for :app:generateDebugResources (Thread[#1209,Execution worker,5,main]) started.
:app:generateDebugResources (Thread[#1209,Execution worker,5,main]) started.

> Task :app:generateDebugResources UP-TO-DATE
Caching disabled for task ':app:generateDebugResources' because:
  Build cache is disabled
Skipping task ':app:generateDebugResources' as it is up-to-date.
Resolve mutations for :app:packageDebugResources (Thread[#1209,Execution worker,5,main]) started.
:app:packageDebugResources (Thread[#1209,Execution worker,5,main]) started.

> Task :app:packageDebugResources UP-TO-DATE
Caching disabled for task ':app:packageDebugResources' because:
  Build cache is disabled
Skipping task ':app:packageDebugResources' as it is up-to-date.
Resolve mutations for :app:processDebugNavigationResources (Thread[#1209,Execution worker,5,main]) started.
:app:processDebugNavigationResources (Thread[#1209,Execution worker,5,main]) started.

> Task :app:processDebugNavigationResources UP-TO-DATE
Caching disabled for task ':app:processDebugNavigationResources' because:
  Build cache is disabled
Skipping task ':app:processDebugNavigationResources' as it is up-to-date.
Resolve mutations for :app:parseDebugLocalResources (Thread[#1209,Execution worker,5,main]) started.
:app:parseDebugLocalResources (Thread[#1209,Execution worker,5,main]) started.

> Task :app:parseDebugLocalResources UP-TO-DATE
Caching disabled for task ':app:parseDebugLocalResources' because:
  Build cache is disabled
Skipping task ':app:parseDebugLocalResources' as it is up-to-date.
Resolve mutations for :app:generateDebugRFile (Thread[#1209,Execution worker,5,main]) started.
:app:generateDebugRFile (Thread[#1209,Execution worker,5,main]) started.

> Task :app:generateDebugRFile UP-TO-DATE
Caching disabled for task ':app:generateDebugRFile' because:
  Build cache is disabled
Skipping task ':app:generateDebugRFile' as it is up-to-date.
Resolve mutations for :app:kspDebugKotlin (Thread[#1209,Execution worker,5,main]) started.
:app:kspDebugKotlin (Thread[#1209,Execution worker,5,main]) started.

> Task :app:kspDebugKotlin
Caching disabled for task ':app:kspDebugKotlin' because:
  Build cache is disabled
Task ':app:kspDebugKotlin' is not up-to-date because:
  Value of input property 'kspConfig.logLevel' has changed for task ':app:kspDebugKotlin'
The input changes require a full rebuild for incremental task ':app:kspDebugKotlin'.
file or directory 'C:\Users\MASTER-T\AndroidStudioProjects\JanManager\app\src\main\kotlin', not found
file or directory 'C:\Users\MASTER-T\AndroidStudioProjects\JanManager\app\src\debug\java', not found
file or directory 'C:\Users\MASTER-T\AndroidStudioProjects\JanManager\app\src\debug\kotlin', not found
file or directory 'C:\Users\MASTER-T\AndroidStudioProjects\JanManager\app\src\main\kotlin', not found
file or directory 'C:\Users\MASTER-T\AndroidStudioProjects\JanManager\app\src\debug\java', not found
file or directory 'C:\Users\MASTER-T\AndroidStudioProjects\JanManager\app\src\debug\kotlin', not found
i: [ksp] loaded provider(s): [androidx.room.RoomKspProcessor$Provider, dagger.hilt.processor.internal.uninstallmodules.KspUninstallModulesProcessor$Provider, dagger.hilt.android.processor.internal.viewmodel.KspViewModelProcessor$Provider, dagger.hilt.processor.internal.earlyentrypoint.KspEarlyEntryPointProcessor$Provider, dagger.hilt.android.processor.internal.androidentrypoint.KspAndroidEntryPointProcessor$Provider, dagger.hilt.processor.internal.definecomponent.KspDefineComponentProcessor$Provider, dagger.hilt.processor.internal.originatingelement.KspOriginatingElementProcessor$Provider, dagger.hilt.android.processor.internal.bindvalue.KspBindValueProcessor$Provider, dagger.hilt.processor.internal.root.KspComponentTreeDepsProcessor$Provider, dagger.hilt.processor.internal.root.KspRootProcessor$Provider, dagger.hilt.processor.internal.aliasof.KspAliasOfProcessor$Provider, dagger.hilt.processor.internal.aggregateddeps.KspAggregatedDepsProcessor$Provider, dagger.hilt.processor.internal.generatesrootinput.KspGeneratesRootInputProcessor$Provider, dagger.hilt.android.processor.internal.customtestapplication.KspCustomTestApplicationProcessor$Provider, dagger.internal.codegen.KspComponentProcessor$Provider]
Resolve mutations for :app:copyRoomSchemas (Thread[#1209,Execution worker,5,main]) started.
:app:copyRoomSchemas (Thread[#1209,Execution worker,5,main]) started.

> Task :app:copyRoomSchemas NO-SOURCE
Skipping task ':app:copyRoomSchemas' as it has no source files and no previous output files.
Resolve mutations for :app:compileDebugKotlin (Thread[#1208,included builds,5,main]) started.
:app:compileDebugKotlin (Thread[#1208,included builds,5,main]) started.

> Task :app:compileDebugKotlin
file or directory 'C:\Users\MASTER-T\AndroidStudioProjects\JanManager\app\src\main\kotlin', not found
file or directory 'C:\Users\MASTER-T\AndroidStudioProjects\JanManager\app\src\debug\java', not found
file or directory 'C:\Users\MASTER-T\AndroidStudioProjects\JanManager\app\src\debug\kotlin', not found
file or directory 'C:\Users\MASTER-T\AndroidStudioProjects\JanManager\app\src\debug\java', not found
file or directory 'C:\Users\MASTER-T\AndroidStudioProjects\JanManager\app\src\main\kotlin', not found
file or directory 'C:\Users\MASTER-T\AndroidStudioProjects\JanManager\app\src\debug\java', not found
file or directory 'C:\Users\MASTER-T\AndroidStudioProjects\JanManager\app\src\debug\kotlin', not found
file or directory 'C:\Users\MASTER-T\AndroidStudioProjects\JanManager\app\src\debug\java', not found
file or directory 'C:\Users\MASTER-T\AndroidStudioProjects\JanManager\app\src\main\kotlin', not found
file or directory 'C:\Users\MASTER-T\AndroidStudioProjects\JanManager\app\src\debug\java', not found
file or directory 'C:\Users\MASTER-T\AndroidStudioProjects\JanManager\app\src\debug\kotlin', not found
file or directory 'C:\Users\MASTER-T\AndroidStudioProjects\JanManager\app\src\debug\java', not found
Custom actions are attached to task ':app:compileDebugKotlin'.
Caching disabled for task ':app:compileDebugKotlin' because:
  Build cache is disabled
Task ':app:compileDebugKotlin' is not up-to-date because:
  Input property 'sources' file C:\Users\MASTER-T\AndroidStudioProjects\JanManager\app\src\main\java\com\example\janmanager\ui\scan\components\PhotoOcrView.kt has changed.
file or directory 'C:\Users\MASTER-T\AndroidStudioProjects\JanManager\app\src\main\kotlin', not found
file or directory 'C:\Users\MASTER-T\AndroidStudioProjects\JanManager\app\src\main\kotlin', not found
file or directory 'C:\Users\MASTER-T\AndroidStudioProjects\JanManager\app\src\debug\java', not found
file or directory 'C:\Users\MASTER-T\AndroidStudioProjects\JanManager\app\src\debug\java', not found
file or directory 'C:\Users\MASTER-T\AndroidStudioProjects\JanManager\app\src\debug\kotlin', not found
file or directory 'C:\Users\MASTER-T\AndroidStudioProjects\JanManager\app\src\debug\kotlin', not found
file or directory 'C:\Users\MASTER-T\AndroidStudioProjects\JanManager\app\src\debug\java', not found
file or directory 'C:\Users\MASTER-T\AndroidStudioProjects\JanManager\app\src\debug\java', not found
file or directory 'C:\Users\MASTER-T\AndroidStudioProjects\JanManager\app\src\main\kotlin', not found
file or directory 'C:\Users\MASTER-T\AndroidStudioProjects\JanManager\app\src\debug\java', not found
file or directory 'C:\Users\MASTER-T\AndroidStudioProjects\JanManager\app\src\debug\kotlin', not found
file or directory 'C:\Users\MASTER-T\AndroidStudioProjects\JanManager\app\src\main\kotlin', not found
file or directory 'C:\Users\MASTER-T\AndroidStudioProjects\JanManager\app\src\main\kotlin', not found
file or directory 'C:\Users\MASTER-T\AndroidStudioProjects\JanManager\app\src\debug\java', not found
file or directory 'C:\Users\MASTER-T\AndroidStudioProjects\JanManager\app\src\debug\java', not found
file or directory 'C:\Users\MASTER-T\AndroidStudioProjects\JanManager\app\src\debug\kotlin', not found
file or directory 'C:\Users\MASTER-T\AndroidStudioProjects\JanManager\app\src\debug\kotlin', not found
file or directory 'C:\Users\MASTER-T\AndroidStudioProjects\JanManager\app\src\debug\java', not found
file or directory 'C:\Users\MASTER-T\AndroidStudioProjects\JanManager\app\src\debug\java', not found
file or directory 'C:\Users\MASTER-T\AndroidStudioProjects\JanManager\app\src\main\kotlin', not found
file or directory 'C:\Users\MASTER-T\AndroidStudioProjects\JanManager\app\src\debug\java', not found
file or directory 'C:\Users\MASTER-T\AndroidStudioProjects\JanManager\app\src\debug\kotlin', not found
file or directory 'C:\Users\MASTER-T\AndroidStudioProjects\JanManager\app\src\main\kotlin', not found
file or directory 'C:\Users\MASTER-T\AndroidStudioProjects\JanManager\app\src\main\kotlin', not found
file or directory 'C:\Users\MASTER-T\AndroidStudioProjects\JanManager\app\src\debug\java', not found
file or directory 'C:\Users\MASTER-T\AndroidStudioProjects\JanManager\app\src\debug\java', not found
file or directory 'C:\Users\MASTER-T\AndroidStudioProjects\JanManager\app\src\debug\kotlin', not found
file or directory 'C:\Users\MASTER-T\AndroidStudioProjects\JanManager\app\src\debug\kotlin', not found
file or directory 'C:\Users\MASTER-T\AndroidStudioProjects\JanManager\app\src\debug\java', not found
file or directory 'C:\Users\MASTER-T\AndroidStudioProjects\JanManager\app\src\debug\java', not found
file or directory 'C:\Users\MASTER-T\AndroidStudioProjects\JanManager\app\src\main\kotlin', not found
file or directory 'C:\Users\MASTER-T\AndroidStudioProjects\JanManager\app\src\debug\java', not found
file or directory 'C:\Users\MASTER-T\AndroidStudioProjects\JanManager\app\src\debug\kotlin', not found
file or directory 'C:\Users\MASTER-T\AndroidStudioProjects\JanManager\app\src\main\kotlin', not found
file or directory 'C:\Users\MASTER-T\AndroidStudioProjects\JanManager\app\src\main\kotlin', not found
file or directory 'C:\Users\MASTER-T\AndroidStudioProjects\JanManager\app\src\debug\java', not found
file or directory 'C:\Users\MASTER-T\AndroidStudioProjects\JanManager\app\src\debug\java', not found
file or directory 'C:\Users\MASTER-T\AndroidStudioProjects\JanManager\app\src\debug\kotlin', not found
file or directory 'C:\Users\MASTER-T\AndroidStudioProjects\JanManager\app\src\debug\kotlin', not found
file or directory 'C:\Users\MASTER-T\AndroidStudioProjects\JanManager\app\src\debug\java', not found
file or directory 'C:\Users\MASTER-T\AndroidStudioProjects\JanManager\app\src\debug\java', not found
file or directory 'C:\Users\MASTER-T\AndroidStudioProjects\JanManager\app\src\main\kotlin', not found
file or directory 'C:\Users\MASTER-T\AndroidStudioProjects\JanManager\app\src\debug\java', not found
file or directory 'C:\Users\MASTER-T\AndroidStudioProjects\JanManager\app\src\debug\kotlin', not found
Kotlin source files: C:\Users\MASTER-T\AndroidStudioProjects\JanManager\app\src\main\java\com\example\janmanager\data\local\AppDatabase.kt, C:\Users\MASTER-T\AndroidStudioProjects\JanManager\app\src\main\java\com\example\janmanager\data\local\converter\Converters.kt, C:\Users\MASTER-T\AndroidStudioProjects\JanManager\app\src\main\java\com\example\janmanager\data\local\dao\MakerCacheDao.kt, C:\Users\MASTER-T\AndroidStudioProjects\JanManager\app\src\main\java\com\example\janmanager\data\local\dao\OcrScanHistoryDao.kt, C:\Users\MASTER-T\AndroidStudioProjects\JanManager\app\src\main\java\com\example\janmanager\data\local\dao\PackageUnitDao.kt, C:\Users\MASTER-T\AndroidStudioProjects\JanManager\app\src\main\java\com\example\janmanager\data\local\dao\ProductGroupDao.kt, C:\Users\MASTER-T\AndroidStudioProjects\JanManager\app\src\main\java\com\example\janmanager\data\local\dao\ProductGroupItemDao.kt, C:\Users\MASTER-T\AndroidStudioProjects\JanManager\app\src\main\java\com\example\janmanager\data\local\dao\ProductMasterDao.kt, C:\Users\MASTER-T\AndroidStudioProjects\JanManager\app\src\main\java\com\example\janmanager\data\local\dao\ScanItemDao.kt, C:\Users\MASTER-T\AndroidStudioProjects\JanManager\app\src\main\java\com\example\janmanager\data\local\dao\ScanSessionDao.kt, C:\Users\MASTER-T\AndroidStudioProjects\JanManager\app\src\main\java\com\example\janmanager\data\local\entity\Enums.kt, C:\Users\MASTER-T\AndroidStudioProjects\JanManager\app\src\main\java\com\example\janmanager\data\local\entity\MakerCache.kt, C:\Users\MASTER-T\AndroidStudioProjects\JanManager\app\src\main\java\com\example\janmanager\data\local\entity\OcrScanHistory.kt, C:\Users\MASTER-T\AndroidStudioProjects\JanManager\app\src\main\java\com\example\janmanager\data\local\entity\PackageUnit.kt, C:\Users\MASTER-T\AndroidStudioProjects\JanManager\app\src\main\java\com\example\janmanager\data\local\entity\ProductGroup.kt, C:\Users\MASTER-T\AndroidStudioProjects\JanManager\app\src\main\java\com\example\janmanager\data\local\entity\ProductGroupItem.kt, C:\Users\MASTER-T\AndroidStudioProjects\JanManager\app\src\main\java\com\example\janmanager\data\local\entity\ProductMaster.kt, C:\Users\MASTER-T\AndroidStudioProjects\JanManager\app\src\main\java\com\example\janmanager\data\local\entity\ScanItem.kt, C:\Users\MASTER-T\AndroidStudioProjects\JanManager\app\src\main\java\com\example\janmanager\data\local\entity\ScanSession.kt, C:\Users\MASTER-T\AndroidStudioProjects\JanManager\app\src\main\java\com\example\janmanager\data\repository\GroupRepository.kt, C:\Users\MASTER-T\AndroidStudioProjects\JanManager\app\src\main\java\com\example\janmanager\data\repository\OcrScanHistoryRepository.kt, C:\Users\MASTER-T\AndroidStudioProjects\JanManager\app\src\main\java\com\example\janmanager\data\repository\ProductRepository.kt, C:\Users\MASTER-T\AndroidStudioProjects\JanManager\app\src\main\java\com\example\janmanager\data\repository\ScanRepository.kt, C:\Users\MASTER-T\AndroidStudioProjects\JanManager\app\src\main\java\com\example\janmanager\data\settings\SettingsDataStore.kt, C:\Users\MASTER-T\AndroidStudioProjects\JanManager\app\src\main\java\com\example\janmanager\di\AppModule.kt, C:\Users\MASTER-T\AndroidStudioProjects\JanManager\app\src\main\java\com\example\janmanager\di\DatabaseModule.kt, C:\Users\MASTER-T\AndroidStudioProjects\JanManager\app\src\main\java\com\example\janmanager\JanManagerApp.kt, C:\Users\MASTER-T\AndroidStudioProjects\JanManager\app\src\main\java\com\example\janmanager\MainActivity.kt, C:\Users\MASTER-T\AndroidStudioProjects\JanManager\app\src\main\java\com\example\janmanager\ui\ai\AiFetchScreen.kt, C:\Users\MASTER-T\AndroidStudioProjects\JanManager\app\src\main\java\com\example\janmanager\ui\ai\AiFetchViewModel.kt, C:\Users\MASTER-T\AndroidStudioProjects\JanManager\app\src\main\java\com\example\janmanager\ui\ai\components\AiResultPreview.kt, C:\Users\MASTER-T\AndroidStudioProjects\JanManager\app\src\main\java\com\example\janmanager\ui\ai\components\AiWebViewWrapper.kt, C:\Users\MASTER-T\AndroidStudioProjects\JanManager\app\src\main\java\com\example\janmanager\ui\common\BarcodeView.kt, C:\Users\MASTER-T\AndroidStudioProjects\JanManager\app\src\main\java\com\example\janmanager\ui\group\GroupDetailScreen.kt, C:\Users\MASTER-T\AndroidStudioProjects\JanManager\app\src\main\java\com\example\janmanager\ui\group\GroupDetailViewModel.kt, C:\Users\MASTER-T\AndroidStudioProjects\JanManager\app\src\main\java\com\example\janmanager\ui\group\GroupListScreen.kt, C:\Users\MASTER-T\AndroidStudioProjects\JanManager\app\src\main\java\com\example\janmanager\ui\group\GroupListViewModel.kt, C:\Users\MASTER-T\AndroidStudioProjects\JanManager\app\src\main\java\com\example\janmanager\ui\group\GroupScanScreen.kt, C:\Users\MASTER-T\AndroidStudioProjects\JanManager\app\src\main\java\com\example\janmanager\ui\group\GroupScanViewModel.kt, C:\Users\MASTER-T\AndroidStudioProjects\JanManager\app\src\main\java\com\example\janmanager\ui\home\HomeScreen.kt, C:\Users\MASTER-T\AndroidStudioProjects\JanManager\app\src\main\java\com\example\janmanager\ui\home\HomeViewModel.kt, C:\Users\MASTER-T\AndroidStudioProjects\JanManager\app\src\main\java\com\example\janmanager\ui\navigation\NavGraph.kt, C:\Users\MASTER-T\AndroidStudioProjects\JanManager\app\src\main\java\com\example\janmanager\ui\navigation\Routes.kt, C:\Users\MASTER-T\AndroidStudioProjects\JanManager\app\src\main\java\com\example\janmanager\ui\order\OrderListScreen.kt, C:\Users\MASTER-T\AndroidStudioProjects\JanManager\app\src\main\java\com\example\janmanager\ui\order\OrderListViewModel.kt, C:\Users\MASTER-T\AndroidStudioProjects\JanManager\app\src\main\java\com\example\janmanager\ui\order\OrderScanScreen.kt, C:\Users\MASTER-T\AndroidStudioProjects\JanManager\app\src\main\java\com\example\janmanager\ui\order\OrderScanViewModel.kt, C:\Users\MASTER-T\AndroidStudioProjects\JanManager\app\src\main\java\com\example\janmanager\ui\order\SessionListScreen.kt, C:\Users\MASTER-T\AndroidStudioProjects\JanManager\app\src\main\java\com\example\janmanager\ui\order\SessionListViewModel.kt, C:\Users\MASTER-T\AndroidStudioProjects\JanManager\app\src\main\java\com\example\janmanager\ui\product\ProductDetailScreen.kt, C:\Users\MASTER-T\AndroidStudioProjects\JanManager\app\src\main\java\com\example\janmanager\ui\product\ProductDetailViewModel.kt, C:\Users\MASTER-T\AndroidStudioProjects\JanManager\app\src\main\java\com\example\janmanager\ui\product\ProductListScreen.kt, C:\Users\MASTER-T\AndroidStudioProjects\JanManager\app\src\main\java\com\example\janmanager\ui\product\ProductListViewModel.kt, C:\Users\MASTER-T\AndroidStudioProjects\JanManager\app\src\main\java\com\example\janmanager\ui\scan\components\ConfirmMode.kt, C:\Users\MASTER-T\AndroidStudioProjects\JanManager\app\src\main\java\com\example\janmanager\ui\scan\components\ContinuousMode.kt, C:\Users\MASTER-T\AndroidStudioProjects\JanManager\app\src\main\java\com\example\janmanager\ui\scan\components\LinkageMode.kt, C:\Users\MASTER-T\AndroidStudioProjects\JanManager\app\src\main\java\com\example\janmanager\ui\scan\components\LiveScanScreen.kt, C:\Users\MASTER-T\AndroidStudioProjects\JanManager\app\src\main\java\com\example\janmanager\ui\scan\components\PhotoOcrView.kt, C:\Users\MASTER-T\AndroidStudioProjects\JanManager\app\src\main\java\com\example\janmanager\ui\scan\ScanScreen.kt, C:\Users\MASTER-T\AndroidStudioProjects\JanManager\app\src\main\java\com\example\janmanager\ui\scan\ScanViewModel.kt, C:\Users\MASTER-T\AndroidStudioProjects\JanManager\app\src\main\java\com\example\janmanager\ui\settings\SettingsScreen.kt, C:\Users\MASTER-T\AndroidStudioProjects\JanManager\app\src\main\java\com\example\janmanager\ui\settings\SettingsViewModel.kt, C:\Users\MASTER-T\AndroidStudioProjects\JanManager\app\src\main\java\com\example\janmanager\ui\theme\Color.kt, C:\Users\MASTER-T\AndroidStudioProjects\JanManager\app\src\main\java\com\example\janmanager\ui\theme\Theme.kt, C:\Users\MASTER-T\AndroidStudioProjects\JanManager\app\src\main\java\com\example\janmanager\ui\theme\Type.kt, C:\Users\MASTER-T\AndroidStudioProjects\JanManager\app\src\main\java\com\example\janmanager\util\AiPromptBuilder.kt, C:\Users\MASTER-T\AndroidStudioProjects\JanManager\app\src\main\java\com\example\janmanager\util\AiResponseParser.kt, C:\Users\MASTER-T\AndroidStudioProjects\JanManager\app\src\main\java\com\example\janmanager\util\AiWebViewInteractor.kt, C:\Users\MASTER-T\AndroidStudioProjects\JanManager\app\src\main\java\com\example\janmanager\util\BarcodeGenerator.kt, C:\Users\MASTER-T\AndroidStudioProjects\JanManager\app\src\main\java\com\example\janmanager\util\BarcodeImageGenerator.kt, C:\Users\MASTER-T\AndroidStudioProjects\JanManager\app\src\main\java\com\example\janmanager\util\ClipboardHelper.kt, C:\Users\MASTER-T\AndroidStudioProjects\JanManager\app\src\main\java\com\example\janmanager\util\JanCodeUtil.kt, C:\Users\MASTER-T\AndroidStudioProjects\JanManager\app\src\main\java\com\example\janmanager\util\JanValidator.kt, C:\Users\MASTER-T\AndroidStudioProjects\JanManager\app\src\main\java\com\example\janmanager\util\Normalizer.kt, C:\Users\MASTER-T\AndroidStudioProjects\JanManager\app\src\main\java\com\example\janmanager\util\SoundHelper.kt, C:\Users\MASTER-T\AndroidStudioProjects\JanManager\app\src\main\java\com\example\janmanager\util\WebViewJsHelper.kt, C:\Users\MASTER-T\AndroidStudioProjects\JanManager\app\build\generated\ksp\debug\kotlin\com\example\janmanager\data\local\AppDatabase_Impl.kt, C:\Users\MASTER-T\AndroidStudioProjects\JanManager\app\build\generated\ksp\debug\kotlin\com\example\janmanager\data\local\dao\MakerCacheDao_Impl.kt, C:\Users\MASTER-T\AndroidStudioProjects\JanManager\app\build\generated\ksp\debug\kotlin\com\example\janmanager\data\local\dao\OcrScanHistoryDao_Impl.kt, C:\Users\MASTER-T\AndroidStudioProjects\JanManager\app\build\generated\ksp\debug\kotlin\com\example\janmanager\data\local\dao\PackageUnitDao_Impl.kt, C:\Users\MASTER-T\AndroidStudioProjects\JanManager\app\build\generated\ksp\debug\kotlin\com\example\janmanager\data\local\dao\ProductGroupDao_Impl.kt, C:\Users\MASTER-T\AndroidStudioProjects\JanManager\app\build\generated\ksp\debug\kotlin\com\example\janmanager\data\local\dao\ProductGroupItemDao_Impl.kt, C:\Users\MASTER-T\AndroidStudioProjects\JanManager\app\build\generated\ksp\debug\kotlin\com\example\janmanager\data\local\dao\ProductMasterDao_Impl.kt, C:\Users\MASTER-T\AndroidStudioProjects\JanManager\app\build\generated\ksp\debug\kotlin\com\example\janmanager\data\local\dao\ScanItemDao_Impl.kt, C:\Users\MASTER-T\AndroidStudioProjects\JanManager\app\build\generated\ksp\debug\kotlin\com\example\janmanager\data\local\dao\ScanSessionDao_Impl.kt
Java source files: C:\Users\MASTER-T\AndroidStudioProjects\JanManager\app\build\generated\ksp\debug\java\com\example\janmanager\data\repository\GroupRepository_Factory.java, C:\Users\MASTER-T\AndroidStudioProjects\JanManager\app\build\generated\ksp\debug\java\com\example\janmanager\data\repository\OcrScanHistoryRepository_Factory.java, C:\Users\MASTER-T\AndroidStudioProjects\JanManager\app\build\generated\ksp\debug\java\com\example\janmanager\data\repository\ProductRepository_Factory.java, C:\Users\MASTER-T\AndroidStudioProjects\JanManager\app\build\generated\ksp\debug\java\com\example\janmanager\data\repository\ScanRepository_Factory.java, C:\Users\MASTER-T\AndroidStudioProjects\JanManager\app\build\generated\ksp\debug\java\com\example\janmanager\di\AppModule_ProvideSettingsDataStoreFactory.java, C:\Users\MASTER-T\AndroidStudioProjects\JanManager\app\build\generated\ksp\debug\java\com\example\janmanager\di\DatabaseModule_ProvideAppDatabaseFactory.java, C:\Users\MASTER-T\AndroidStudioProjects\JanManager\app\build\generated\ksp\debug\java\com\example\janmanager\di\DatabaseModule_ProvideMakerCacheDaoFactory.java, C:\Users\MASTER-T\AndroidStudioProjects\JanManager\app\build\generated\ksp\debug\java\com\example\janmanager\di\DatabaseModule_ProvideOcrScanHistoryDaoFactory.java, C:\Users\MASTER-T\AndroidStudioProjects\JanManager\app\build\generated\ksp\debug\java\com\example\janmanager\di\DatabaseModule_ProvidePackageUnitDaoFactory.java, C:\Users\MASTER-T\AndroidStudioProjects\JanManager\app\build\generated\ksp\debug\java\com\example\janmanager\di\DatabaseModule_ProvideProductGroupDaoFactory.java, C:\Users\MASTER-T\AndroidStudioProjects\JanManager\app\build\generated\ksp\debug\java\com\example\janmanager\di\DatabaseModule_ProvideProductGroupItemDaoFactory.java, C:\Users\MASTER-T\AndroidStudioProjects\JanManager\app\build\generated\ksp\debug\java\com\example\janmanager\di\DatabaseModule_ProvideProductMasterDaoFactory.java, C:\Users\MASTER-T\AndroidStudioProjects\JanManager\app\build\generated\ksp\debug\java\com\example\janmanager\di\DatabaseModule_ProvideScanItemDaoFactory.java, C:\Users\MASTER-T\AndroidStudioProjects\JanManager\app\build\generated\ksp\debug\java\com\example\janmanager\di\DatabaseModule_ProvideScanSessionDaoFactory.java, C:\Users\MASTER-T\AndroidStudioProjects\JanManager\app\build\generated\ksp\debug\java\com\example\janmanager\Hilt_MainActivity.java, C:\Users\MASTER-T\AndroidStudioProjects\JanManager\app\build\generated\ksp\debug\java\com\example\janmanager\JanManagerApp_GeneratedInjector.java, C:\Users\MASTER-T\AndroidStudioProjects\JanManager\app\build\generated\ksp\debug\java\com\example\janmanager\JanManagerApp_MembersInjector.java, C:\Users\MASTER-T\AndroidStudioProjects\JanManager\app\build\generated\ksp\debug\java\com\example\janmanager\MainActivity_GeneratedInjector.java, C:\Users\MASTER-T\AndroidStudioProjects\JanManager\app\build\generated\ksp\debug\java\com\example\janmanager\ui\ai\AiFetchViewModel_Factory.java, C:\Users\MASTER-T\AndroidStudioProjects\JanManager\app\build\generated\ksp\debug\java\com\example\janmanager\ui\ai\AiFetchViewModel_HiltModules.java, C:\Users\MASTER-T\AndroidStudioProjects\JanManager\app\build\generated\ksp\debug\java\com\example\janmanager\ui\ai\AiFetchViewModel_HiltModules_BindsModule_Binds_LazyMapKey.java, C:\Users\MASTER-T\AndroidStudioProjects\JanManager\app\build\generated\ksp\debug\java\com\example\janmanager\ui\ai\AiFetchViewModel_HiltModules_KeyModule_ProvideFactory.java, C:\Users\MASTER-T\AndroidStudioProjects\JanManager\app\build\generated\ksp\debug\java\com\example\janmanager\ui\ai\AiFetchViewModel_HiltModules_KeyModule_Provide_LazyMapKey.java, C:\Users\MASTER-T\AndroidStudioProjects\JanManager\app\build\generated\ksp\debug\java\com\example\janmanager\ui\group\GroupDetailViewModel_Factory.java, C:\Users\MASTER-T\AndroidStudioProjects\JanManager\app\build\generated\ksp\debug\java\com\example\janmanager\ui\group\GroupDetailViewModel_HiltModules.java, C:\Users\MASTER-T\AndroidStudioProjects\JanManager\app\build\generated\ksp\debug\java\com\example\janmanager\ui\group\GroupDetailViewModel_HiltModules_BindsModule_Binds_LazyMapKey.java, C:\Users\MASTER-T\AndroidStudioProjects\JanManager\app\build\generated\ksp\debug\java\com\example\janmanager\ui\group\GroupDetailViewModel_HiltModules_KeyModule_ProvideFactory.java, C:\Users\MASTER-T\AndroidStudioProjects\JanManager\app\build\generated\ksp\debug\java\com\example\janmanager\ui\group\GroupDetailViewModel_HiltModules_KeyModule_Provide_LazyMapKey.java, C:\Users\MASTER-T\AndroidStudioProjects\JanManager\app\build\generated\ksp\debug\java\com\example\janmanager\ui\group\GroupListViewModel_Factory.java, C:\Users\MASTER-T\AndroidStudioProjects\JanManager\app\build\generated\ksp\debug\java\com\example\janmanager\ui\group\GroupListViewModel_HiltModules.java, C:\Users\MASTER-T\AndroidStudioProjects\JanManager\app\build\generated\ksp\debug\java\com\example\janmanager\ui\group\GroupListViewModel_HiltModules_BindsModule_Binds_LazyMapKey.java, C:\Users\MASTER-T\AndroidStudioProjects\JanManager\app\build\generated\ksp\debug\java\com\example\janmanager\ui\group\GroupListViewModel_HiltModules_KeyModule_ProvideFactory.java, C:\Users\MASTER-T\AndroidStudioProjects\JanManager\app\build\generated\ksp\debug\java\com\example\janmanager\ui\group\GroupListViewModel_HiltModules_KeyModule_Provide_LazyMapKey.java, C:\Users\MASTER-T\AndroidStudioProjects\JanManager\app\build\generated\ksp\debug\java\com\example\janmanager\ui\group\GroupScanViewModel_Factory.java, C:\Users\MASTER-T\AndroidStudioProjects\JanManager\app\build\generated\ksp\debug\java\com\example\janmanager\ui\group\GroupScanViewModel_HiltModules.java, C:\Users\MASTER-T\AndroidStudioProjects\JanManager\app\build\generated\ksp\debug\java\com\example\janmanager\ui\group\GroupScanViewModel_HiltModules_BindsModule_Binds_LazyMapKey.java, C:\Users\MASTER-T\AndroidStudioProjects\JanManager\app\build\generated\ksp\debug\java\com\example\janmanager\ui\group\GroupScanViewModel_HiltModules_KeyModule_ProvideFactory.java, C:\Users\MASTER-T\AndroidStudioProjects\JanManager\app\build\generated\ksp\debug\java\com\example\janmanager\ui\group\GroupScanViewModel_HiltModules_KeyModule_Provide_LazyMapKey.java, C:\Users\MASTER-T\AndroidStudioProjects\JanManager\app\build\generated\ksp\debug\java\com\example\janmanager\ui\home\HomeViewModel_Factory.java, C:\Users\MASTER-T\AndroidStudioProjects\JanManager\app\build\generated\ksp\debug\java\com\example\janmanager\ui\home\HomeViewModel_HiltModules.java, C:\Users\MASTER-T\AndroidStudioProjects\JanManager\app\build\generated\ksp\debug\java\com\example\janmanager\ui\home\HomeViewModel_HiltModules_BindsModule_Binds_LazyMapKey.java, C:\Users\MASTER-T\AndroidStudioProjects\JanManager\app\build\generated\ksp\debug\java\com\example\janmanager\ui\home\HomeViewModel_HiltModules_KeyModule_ProvideFactory.java, C:\Users\MASTER-T\AndroidStudioProjects\JanManager\app\build\generated\ksp\debug\java\com\example\janmanager\ui\home\HomeViewModel_HiltModules_KeyModule_Provide_LazyMapKey.java, C:\Users\MASTER-T\AndroidStudioProjects\JanManager\app\build\generated\ksp\debug\java\com\example\janmanager\ui\order\OrderListViewModel_Factory.java, C:\Users\MASTER-T\AndroidStudioProjects\JanManager\app\build\generated\ksp\debug\java\com\example\janmanager\ui\order\OrderListViewModel_HiltModules.java, C:\Users\MASTER-T\AndroidStudioProjects\JanManager\app\build\generated\ksp\debug\java\com\example\janmanager\ui\order\OrderListViewModel_HiltModules_BindsModule_Binds_LazyMapKey.java, C:\Users\MASTER-T\AndroidStudioProjects\JanManager\app\build\generated\ksp\debug\java\com\example\janmanager\ui\order\OrderListViewModel_HiltModules_KeyModule_ProvideFactory.java, C:\Users\MASTER-T\AndroidStudioProjects\JanManager\app\build\generated\ksp\debug\java\com\example\janmanager\ui\order\OrderListViewModel_HiltModules_KeyModule_Provide_LazyMapKey.java, C:\Users\MASTER-T\AndroidStudioProjects\JanManager\app\build\generated\ksp\debug\java\com\example\janmanager\ui\order\OrderScanViewModel_Factory.java, C:\Users\MASTER-T\AndroidStudioProjects\JanManager\app\build\generated\ksp\debug\java\com\example\janmanager\ui\order\OrderScanViewModel_HiltModules.java, C:\Users\MASTER-T\AndroidStudioProjects\JanManager\app\build\generated\ksp\debug\java\com\example\janmanager\ui\order\OrderScanViewModel_HiltModules_BindsModule_Binds_LazyMapKey.java, C:\Users\MASTER-T\AndroidStudioProjects\JanManager\app\build\generated\ksp\debug\java\com\example\janmanager\ui\order\OrderScanViewModel_HiltModules_KeyModule_ProvideFactory.java, C:\Users\MASTER-T\AndroidStudioProjects\JanManager\app\build\generated\ksp\debug\java\com\example\janmanager\ui\order\OrderScanViewModel_HiltModules_KeyModule_Provide_LazyMapKey.java, C:\Users\MASTER-T\AndroidStudioProjects\JanManager\app\build\generated\ksp\debug\java\com\example\janmanager\ui\order\SessionListViewModel_Factory.java, C:\Users\MASTER-T\AndroidStudioProjects\JanManager\app\build\generated\ksp\debug\java\com\example\janmanager\ui\order\SessionListViewModel_HiltModules.java, C:\Users\MASTER-T\AndroidStudioProjects\JanManager\app\build\generated\ksp\debug\java\com\example\janmanager\ui\order\SessionListViewModel_HiltModules_BindsModule_Binds_LazyMapKey.java, C:\Users\MASTER-T\AndroidStudioProjects\JanManager\app\build\generated\ksp\debug\java\com\example\janmanager\ui\order\SessionListViewModel_HiltModules_KeyModule_ProvideFactory.java, C:\Users\MASTER-T\AndroidStudioProjects\JanManager\app\build\generated\ksp\debug\java\com\example\janmanager\ui\order\SessionListViewModel_HiltModules_KeyModule_Provide_LazyMapKey.java, C:\Users\MASTER-T\AndroidStudioProjects\JanManager\app\build\generated\ksp\debug\java\com\example\janmanager\ui\product\ProductDetailViewModel_Factory.java, C:\Users\MASTER-T\AndroidStudioProjects\JanManager\app\build\generated\ksp\debug\java\com\example\janmanager\ui\product\ProductDetailViewModel_HiltModules.java, C:\Users\MASTER-T\AndroidStudioProjects\JanManager\app\build\generated\ksp\debug\java\com\example\janmanager\ui\product\ProductDetailViewModel_HiltModules_BindsModule_Binds_LazyMapKey.java, C:\Users\MASTER-T\AndroidStudioProjects\JanManager\app\build\generated\ksp\debug\java\com\example\janmanager\ui\product\ProductDetailViewModel_HiltModules_KeyModule_ProvideFactory.java, C:\Users\MASTER-T\AndroidStudioProjects\JanManager\app\build\generated\ksp\debug\java\com\example\janmanager\ui\product\ProductDetailViewModel_HiltModules_KeyModule_Provide_LazyMapKey.java, C:\Users\MASTER-T\AndroidStudioProjects\JanManager\app\build\generated\ksp\debug\java\com\example\janmanager\ui\product\ProductListViewModel_Factory.java, C:\Users\MASTER-T\AndroidStudioProjects\JanManager\app\build\generated\ksp\debug\java\com\example\janmanager\ui\product\ProductListViewModel_HiltModules.java, C:\Users\MASTER-T\AndroidStudioProjects\JanManager\app\build\generated\ksp\debug\java\com\example\janmanager\ui\product\ProductListViewModel_HiltModules_BindsModule_Binds_LazyMapKey.java, C:\Users\MASTER-T\AndroidStudioProjects\JanManager\app\build\generated\ksp\debug\java\com\example\janmanager\ui\product\ProductListViewModel_HiltModules_KeyModule_ProvideFactory.java, C:\Users\MASTER-T\AndroidStudioProjects\JanManager\app\build\generated\ksp\debug\java\com\example\janmanager\ui\product\ProductListViewModel_HiltModules_KeyModule_Provide_LazyMapKey.java, C:\Users\MASTER-T\AndroidStudioProjects\JanManager\app\build\generated\ksp\debug\java\com\example\janmanager\ui\scan\ScanViewModel_Factory.java, C:\Users\MASTER-T\AndroidStudioProjects\JanManager\app\build\generated\ksp\debug\java\com\example\janmanager\ui\scan\ScanViewModel_HiltModules.java, C:\Users\MASTER-T\AndroidStudioProjects\JanManager\app\build\generated\ksp\debug\java\com\example\janmanager\ui\scan\ScanViewModel_HiltModules_BindsModule_Binds_LazyMapKey.java, C:\Users\MASTER-T\AndroidStudioProjects\JanManager\app\build\generated\ksp\debug\java\com\example\janmanager\ui\scan\ScanViewModel_HiltModules_KeyModule_ProvideFactory.java, C:\Users\MASTER-T\AndroidStudioProjects\JanManager\app\build\generated\ksp\debug\java\com\example\janmanager\ui\scan\ScanViewModel_HiltModules_KeyModule_Provide_LazyMapKey.java, C:\Users\MASTER-T\AndroidStudioProjects\JanManager\app\build\generated\ksp\debug\java\com\example\janmanager\ui\settings\SettingsViewModel_Factory.java, C:\Users\MASTER-T\AndroidStudioProjects\JanManager\app\build\generated\ksp\debug\java\com\example\janmanager\ui\settings\SettingsViewModel_HiltModules.java, C:\Users\MASTER-T\AndroidStudioProjects\JanManager\app\build\generated\ksp\debug\java\com\example\janmanager\ui\settings\SettingsViewModel_HiltModules_BindsModule_Binds_LazyMapKey.java, C:\Users\MASTER-T\AndroidStudioProjects\JanManager\app\build\generated\ksp\debug\java\com\example\janmanager\ui\settings\SettingsViewModel_HiltModules_KeyModule_ProvideFactory.java, C:\Users\MASTER-T\AndroidStudioProjects\JanManager\app\build\generated\ksp\debug\java\com\example\janmanager\ui\settings\SettingsViewModel_HiltModules_KeyModule_Provide_LazyMapKey.java, C:\Users\MASTER-T\AndroidStudioProjects\JanManager\app\build\generated\ksp\debug\java\dagger\hilt\internal\aggregatedroot\codegen\_com_example_janmanager_JanManagerApp.java, C:\Users\MASTER-T\AndroidStudioProjects\JanManager\app\build\generated\ksp\debug\java\hilt_aggregated_deps\_com_example_janmanager_di_AppModule.java, C:\Users\MASTER-T\AndroidStudioProjects\JanManager\app\build\generated\ksp\debug\java\hilt_aggregated_deps\_com_example_janmanager_di_DatabaseModule.java, C:\Users\MASTER-T\AndroidStudioProjects\JanManager\app\build\generated\ksp\debug\java\hilt_aggregated_deps\_com_example_janmanager_JanManagerApp_GeneratedInjector.java, C:\Users\MASTER-T\AndroidStudioProjects\JanManager\app\build\generated\ksp\debug\java\hilt_aggregated_deps\_com_example_janmanager_MainActivity_GeneratedInjector.java, C:\Users\MASTER-T\AndroidStudioProjects\JanManager\app\build\generated\ksp\debug\java\hilt_aggregated_deps\_com_example_janmanager_ui_ai_AiFetchViewModel_HiltModules_BindsModule.java, C:\Users\MASTER-T\AndroidStudioProjects\JanManager\app\build\generated\ksp\debug\java\hilt_aggregated_deps\_com_example_janmanager_ui_ai_AiFetchViewModel_HiltModules_KeyModule.java, C:\Users\MASTER-T\AndroidStudioProjects\JanManager\app\build\generated\ksp\debug\java\hilt_aggregated_deps\_com_example_janmanager_ui_group_GroupDetailViewModel_HiltModules_BindsModule.java, C:\Users\MASTER-T\AndroidStudioProjects\JanManager\app\build\generated\ksp\debug\java\hilt_aggregated_deps\_com_example_janmanager_ui_group_GroupDetailViewModel_HiltModules_KeyModule.java, C:\Users\MASTER-T\AndroidStudioProjects\JanManager\app\build\generated\ksp\debug\java\hilt_aggregated_deps\_com_example_janmanager_ui_group_GroupListViewModel_HiltModules_BindsModule.java, C:\Users\MASTER-T\AndroidStudioProjects\JanManager\app\build\generated\ksp\debug\java\hilt_aggregated_deps\_com_example_janmanager_ui_group_GroupListViewModel_HiltModules_KeyModule.java, C:\Users\MASTER-T\AndroidStudioProjects\JanManager\app\build\generated\ksp\debug\java\hilt_aggregated_deps\_com_example_janmanager_ui_group_GroupScanViewModel_HiltModules_BindsModule.java, C:\Users\MASTER-T\AndroidStudioProjects\JanManager\app\build\generated\ksp\debug\java\hilt_aggregated_deps\_com_example_janmanager_ui_group_GroupScanViewModel_HiltModules_KeyModule.java, C:\Users\MASTER-T\AndroidStudioProjects\JanManager\app\build\generated\ksp\debug\java\hilt_aggregated_deps\_com_example_janmanager_ui_home_HomeViewModel_HiltModules_BindsModule.java, C:\Users\MASTER-T\AndroidStudioProjects\JanManager\app\build\generated\ksp\debug\java\hilt_aggregated_deps\_com_example_janmanager_ui_home_HomeViewModel_HiltModules_KeyModule.java, C:\Users\MASTER-T\AndroidStudioProjects\JanManager\app\build\generated\ksp\debug\java\hilt_aggregated_deps\_com_example_janmanager_ui_order_OrderListViewModel_HiltModules_BindsModule.java, C:\Users\MASTER-T\AndroidStudioProjects\JanManager\app\build\generated\ksp\debug\java\hilt_aggregated_deps\_com_example_janmanager_ui_order_OrderListViewModel_HiltModules_KeyModule.java, C:\Users\MASTER-T\AndroidStudioProjects\JanManager\app\build\generated\ksp\debug\java\hilt_aggregated_deps\_com_example_janmanager_ui_order_OrderScanViewModel_HiltModules_BindsModule.java, C:\Users\MASTER-T\AndroidStudioProjects\JanManager\app\build\generated\ksp\debug\java\hilt_aggregated_deps\_com_example_janmanager_ui_order_OrderScanViewModel_HiltModules_KeyModule.java, C:\Users\MASTER-T\AndroidStudioProjects\JanManager\app\build\generated\ksp\debug\java\hilt_aggregated_deps\_com_example_janmanager_ui_order_SessionListViewModel_HiltModules_BindsModule.java, C:\Users\MASTER-T\AndroidStudioProjects\JanManager\app\build\generated\ksp\debug\java\hilt_aggregated_deps\_com_example_janmanager_ui_order_SessionListViewModel_HiltModules_KeyModule.java, C:\Users\MASTER-T\AndroidStudioProjects\JanManager\app\build\generated\ksp\debug\java\hilt_aggregated_deps\_com_example_janmanager_ui_product_ProductDetailViewModel_HiltModules_BindsModule.java, C:\Users\MASTER-T\AndroidStudioProjects\JanManager\app\build\generated\ksp\debug\java\hilt_aggregated_deps\_com_example_janmanager_ui_product_ProductDetailViewModel_HiltModules_KeyModule.java, C:\Users\MASTER-T\AndroidStudioProjects\JanManager\app\build\generated\ksp\debug\java\hilt_aggregated_deps\_com_example_janmanager_ui_product_ProductListViewModel_HiltModules_BindsModule.java, C:\Users\MASTER-T\AndroidStudioProjects\JanManager\app\build\generated\ksp\debug\java\hilt_aggregated_deps\_com_example_janmanager_ui_product_ProductListViewModel_HiltModules_KeyModule.java, C:\Users\MASTER-T\AndroidStudioProjects\JanManager\app\build\generated\ksp\debug\java\hilt_aggregated_deps\_com_example_janmanager_ui_scan_ScanViewModel_HiltModules_BindsModule.java, C:\Users\MASTER-T\AndroidStudioProjects\JanManager\app\build\generated\ksp\debug\java\hilt_aggregated_deps\_com_example_janmanager_ui_scan_ScanViewModel_HiltModules_KeyModule.java, C:\Users\MASTER-T\AndroidStudioProjects\JanManager\app\build\generated\ksp\debug\java\hilt_aggregated_deps\_com_example_janmanager_ui_settings_SettingsViewModel_HiltModules_BindsModule.java, C:\Users\MASTER-T\AndroidStudioProjects\JanManager\app\build\generated\ksp\debug\java\hilt_aggregated_deps\_com_example_janmanager_ui_settings_SettingsViewModel_HiltModules_KeyModule.java
Script source files: 
Script file extensions: 
Using Kotlin/JVM incremental compilation
[KOTLIN] Kotlin compilation 'jdkHome' argument: C:\Users\MASTER-T\.gradle\jdks\eclipse_adoptium-17-amd64-windows.2
Options for KOTLIN DAEMON: IncrementalCompilationOptions(super=CompilationOptions(compilerMode=INCREMENTAL_COMPILER, targetPlatform=JVM, reportCategories=[0, 3], reportSeverity=2, requestedCompilationResults=[0], kotlinScriptExtensions=[]), sourceChanges=org.jetbrains.kotlin.buildtools.api.SourcesChanges$Known@73b0da07, classpathChanges=NoChanges, workingDir=C:\Users\MASTER-T\AndroidStudioProjects\JanManager\app\build\kotlin\compileDebugKotlin\cacheable, multiModuleICSettings=MultiModuleICSettings(buildHistoryFile=C:\Users\MASTER-T\AndroidStudioProjects\JanManager\app\build\kotlin\compileDebugKotlin\local-state\build-history.bin, useModuleDetection=true), icFeatures=IncrementalCompilationFeatures(usePreciseJavaTracking=true, withAbiSnapshot=false, preciseCompilationResultsBackup=true, keepIncrementalCompilationCachesInMemory=true, enableUnsafeIncrementalCompilationForMultiplatform=false, enableMonotonousIncrementalCompileSetExpansion=true), outputFiles=[C:\Users\MASTER-T\AndroidStudioProjects\JanManager\app\build\intermediates\built_in_kotlinc\debug\compileDebugKotlin\classes, C:\Users\MASTER-T\AndroidStudioProjects\JanManager\app\build\kotlin\compileDebugKotlin\cacheable, C:\Users\MASTER-T\AndroidStudioProjects\JanManager\app\build\kotlin\compileDebugKotlin\local-state])
Finished executing kotlin compiler using DAEMON strategy
Build 26a3db97-0e72-4bcb-8d65-e03114ede675 is closed

BUILD SUCCESSFUL in 16s
7 actionable tasks: 2 executed, 5 up-to-date
Watched directory hierarchies: [C:\Users\MASTER-T\AndroidStudioProjects\JanManager]
Consider enabling configuration cache to speed up this build: https://docs.gradle.org/9.3.1/userguide/configuration_cache_enabling.html
